<?xml version="1.0" encoding="UTF-8"?>
<!-- Generated by org.testng.reporters.JUnitXMLReporter -->
<testsuite ignored="0" hostname="DESKTOP-0M9C4A2" failures="0" tests="5" name="Default test" time="13.435" errors="0" timestamp="2023-09-12T16:16:15 IST">
  <testcase classname="superAdminTest.DashboardTest" name="getdashboarddatas" time="3.726"/>
  <testcase classname="superAdminTest.DashboardTest" name="getweekbetstats" time="2.037"/>
  <testcase classname="superAdminTest.DashboardTest" name="getbetmonthstats" time="2.923"/>
  <testcase classname="superAdminTest.DashboardTest" name="gettopweek" time="1.95"/>
  <testcase classname="superAdminTest.DashboardTest" name="gettopmonthstats" time="2.748"/>
</testsuite> <!-- Default test -->
