<?xml version="1.0" encoding="UTF-8"?>
<!-- Generated by org.testng.reporters.JUnitXMLReporter -->
<testsuite ignored="2" hostname="DESKTOP-0M9C4A2" failures="0" tests="1" name="Default test" time="2.601" errors="0" timestamp="2023-09-22T16:05:25 IST">
  <testcase classname="iGuru.Sportsbook.BIP.CashierAdminTest.CashierProfileTest" name="changepassword" time="2.542"/>
  <testcase classname="iGuru.Sportsbook.BIP.CashierAdminTest.CashierProfileTest" name="updateprofile" time="0.0">
    <ignored/>
  </testcase> <!-- updateprofile -->
  <testcase classname="iGuru.Sportsbook.BIP.CashierAdminTest.CashierProfileTest" name="getprofile" time="0.0">
    <ignored/>
  </testcase> <!-- getprofile -->
</testsuite> <!-- Default test -->
